<?xml version="1.0" encoding="UTF-8"?>
<!-- Generated by org.testng.reporters.JUnitReportReporter -->
<testsuite hostname="DESKTOP-M395F3J" failures="0" tests="1" name="testNG.TestNG_keywords" time="0.013" errors="0" timestamp="2022-08-03T15:05:20 IST" skipped="0">
  <testcase classname="testNG.TestNG_keywords" name="method2" time="0.013"/>
  <system-out>
    <![CDATA[running a test]]>
  </system-out>
</testsuite> <!-- testNG.TestNG_keywords -->
