<?xml version="1.0" encoding="UTF-8"?>
<!-- Generated by org.testng.reporters.JUnitReportReporter -->
<testsuite hostname="DESKTOP-M395F3J" failures="0" tests="2" name="parallel_testNG.CT" time="58.202" errors="0" timestamp="2022-08-05T11:47:10 IST" skipped="0">
  <testcase classname="parallel_testNG.CT" name="test" time="29.118"/>
  <system-out/>
  <testcase classname="parallel_testNG.CT" name="test" time="29.084"/>
  <system-out/>
</testsuite> <!-- parallel_testNG.CT -->
