<?xml version="1.0" encoding="UTF-8"?>
<!-- Generated by org.testng.reporters.JUnitReportReporter -->
<testsuite hostname="DESKTOP-M395F3J" failures="0" tests="1" name="testNG.Hard_asserts" time="0.018" errors="0" timestamp="2022-07-30T12:25:00 IST" skipped="0">
  <testcase classname="testNG.Hard_asserts" name="test1" time="0.018"/>
  <system-out/>
</testsuite> <!-- testNG.Hard_asserts -->
