<?xml version="1.0" encoding="UTF-8"?>
<!-- Generated by org.testng.reporters.JUnitReportReporter -->
<testsuite hostname="DESKTOP-M395F3J" failures="0" tests="3" name="testNG.Sample_class2" time="0.024" errors="0" timestamp="2022-08-04T20:39:46 IST" skipped="0">
  <testcase classname="testNG.Sample_class2" name="testA" time="0.002"/>
  <system-out>
    <![CDATA[the instagram  test]]>
  </system-out>
  <testcase classname="testNG.Sample_class2" name="testA" time="0.002"/>
  <system-out>
    <![CDATA[the instagram  test]]>
  </system-out>
  <testcase classname="testNG.Sample_class2" name="testA" time="0.020"/>
  <system-out>
    <![CDATA[the instagram  test]]>
  </system-out>
</testsuite> <!-- testNG.Sample_class2 -->
