<?xml version="1.0" encoding="UTF-8"?>
<!-- Generated by org.testng.reporters.JUnitReportReporter -->
<testsuite hostname="DESKTOP-M395F3J" failures="0" tests="2" name="testNG.Sample_class1" time="0.019" errors="0" timestamp="2022-08-04T20:33:06 IST" skipped="0">
  <testcase classname="testNG.Sample_class1" name="test1" time="0.017"/>
  <system-out>
    <![CDATA[the login test]]>
  </system-out>
  <testcase classname="testNG.Sample_class1" name="test2" time="0.002"/>
  <system-out>
    <![CDATA[the login test]]>
  </system-out>
</testsuite> <!-- testNG.Sample_class1 -->
