<?xml version="1.0" encoding="UTF-8"?>
<!-- Generated by org.testng.reporters.JUnitReportReporter -->
<testsuite hostname="DESKTOP-M395F3J" failures="0" tests="1" name="listeners_demo.Listener_use_class" time="0.015" errors="0" timestamp="2022-08-19T01:30:43 IST" skipped="0">
  <testcase classname="listeners_demo.Listener_use_class" name="test11" time="0.015"/>
  <system-out/>
</testsuite> <!-- listeners_demo.Listener_use_class -->
