<?xml version="1.0" encoding="UTF-8"?>
<!-- Generated by org.testng.reporters.JUnitReportReporter -->
<testsuite hostname="DESKTOP-M395F3J" failures="0" tests="2" name="testNG.Sample1" time="0.013" errors="0" timestamp="2022-07-22T13:17:33 IST" skipped="0">
  <testcase classname="testNG.Sample1" name="m2" time="0.004"/>
  <system-out>
    <![CDATA[test2 is running]]>
  </system-out>
  <testcase classname="testNG.Sample1" name="m1" time="0.009"/>
  <system-out>
    <![CDATA[first test case]]>
  </system-out>
</testsuite> <!-- testNG.Sample1 -->
