<?xml version="1.0" encoding="UTF-8"?>
<!-- Generated by org.testng.reporters.JUnitReportReporter -->
<testsuite hostname="DESKTOP-M395F3J" failures="0" tests="1" name="parallel_testNG.Instagram" time="37.428" errors="0" timestamp="2022-08-04T22:42:29 IST" skipped="0">
  <testcase classname="parallel_testNG.Instagram" name="openInsta" time="37.428"/>
  <system-out/>
</testsuite> <!-- parallel_testNG.Instagram -->
